<?xml version="1.0" encoding="UTF-8"?>
<!-- Generated by org.testng.reporters.JUnitReportReporter -->
<testsuite hostname="DESKTOP-1CI10M1" failures="0" tests="4" name="com.Testng.SimpleTest" time="0.096" errors="0" timestamp="2022-07-09T01:33:03 PDT" skipped="0">
  <testcase classname="com.Testng.SimpleTest" name="testMethodOne" time="0.006"/>
  <system-out/>
  <testcase classname="com.Testng.SimpleTest" name="testMethodTwo" time="0.009"/>
  <system-out/>
  <testcase classname="com.Testng.SimpleTest" name="testMethodOne" time="0.055"/>
  <system-out/>
  <testcase classname="com.Testng.SimpleTest" name="testMethodTwo" time="0.026"/>
  <system-out/>
</testsuite> <!-- com.Testng.SimpleTest -->
